<?xml version="1.0" encoding="UTF-8"?>
<!-- Generated by org.testng.reporters.JUnitXMLReporter -->
<testsuite ignored="0" hostname="Harsha" failures="2" tests="2" name="Test" time="16.762" errors="0" timestamp="23 Apr 2023 07:10:05 GMT">
  <testcase classname="Test.LoginTest" name="NegativeTestCase" time="0.268">
    <failure type="java.lang.NullPointerException" message="Cannot invoke &amp;quot;org.openqa.selenium.WebElement.sendKeys(java.lang.CharSequence[])&amp;quot; because &amp;quot;this.userName&amp;quot; is null">
      <![CDATA[java.lang.NullPointerException: Cannot invoke "org.openqa.selenium.WebElement.sendKeys(java.lang.CharSequence[])" because "this.userName" is null
at Pages.LoginPages.LoginFunction(LoginPages.java:28)
at Test.LoginTest.NegativeTestCase(LoginTest.java:36)
... Removed 25 stack frames]]>
    </failure>
  </testcase> <!-- NegativeTestCase -->
  <testcase classname="Test.LoginTest" name="PostiveTestCase" time="0.005">
    <failure type="java.lang.NullPointerException" message="Cannot invoke &amp;quot;org.openqa.selenium.WebElement.sendKeys(java.lang.CharSequence[])&amp;quot; because &amp;quot;this.userName&amp;quot; is null">
      <![CDATA[java.lang.NullPointerException: Cannot invoke "org.openqa.selenium.WebElement.sendKeys(java.lang.CharSequence[])" because "this.userName" is null
at Pages.LoginPages.LoginFunction(LoginPages.java:28)
at Test.LoginTest.PostiveTestCase(LoginTest.java:23)
... Removed 25 stack frames]]>
    </failure>
  </testcase> <!-- PostiveTestCase -->
</testsuite> <!-- Test -->
