<?xml version="1.0" encoding="UTF-8"?>
<testng-results ignored="0" total="2" passed="2" failed="0" skipped="0">
  <reporter-output>
  </reporter-output>
  <suite started-at="2023-05-06T03:34:30Z" name="Suite" finished-at="2023-05-06T03:34:41Z" duration-ms="11338">
    <groups>
    </groups>
    <test started-at="2023-05-06T03:34:30Z" name="Test" finished-at="2023-05-06T03:34:41Z" duration-ms="11338">
      <class name="Test.LoginTest">
        <test-method is-config="true" signature="Reportsetup()[pri:0, instance:Test.LoginTest@3f57bcad]" started-at="2023-05-06T03:34:30Z" name="Reportsetup" finished-at="2023-05-06T03:34:31Z" duration-ms="915" status="PASS">
          <reporter-output>
          </reporter-output>
        </test-method> <!-- Reportsetup -->
        <test-method is-config="true" signature="setup(java.lang.reflect.Method)[pri:0, instance:Test.LoginTest@3f57bcad]" started-at="2023-05-06T03:34:31Z" name="setup" finished-at="2023-05-06T03:34:36Z" duration-ms="5047" status="PASS">
          <params>
            <param index="0">
              <value>
                <![CDATA[public void Test.LoginTest.NegativeTestCase() throws com.codoid.products.exception.FilloException]]>
              </value>
            </param>
          </params>
          <reporter-output>
          </reporter-output>
        </test-method> <!-- setup -->
        <test-method signature="NegativeTestCase()[pri:0, instance:Test.LoginTest@3f57bcad]" started-at="2023-05-06T03:34:36Z" name="NegativeTestCase" finished-at="2023-05-06T03:34:37Z" duration-ms="851" status="PASS">
          <reporter-output>
          </reporter-output>
        </test-method> <!-- NegativeTestCase -->
        <test-method is-config="true" signature="closeall()[pri:0, instance:Test.LoginTest@3f57bcad]" started-at="2023-05-06T03:34:37Z" name="closeall" finished-at="2023-05-06T03:34:37Z" duration-ms="239" status="PASS">
          <reporter-output>
          </reporter-output>
        </test-method> <!-- closeall -->
        <test-method is-config="true" signature="setup(java.lang.reflect.Method)[pri:0, instance:Test.LoginTest@3f57bcad]" started-at="2023-05-06T03:34:37Z" name="setup" finished-at="2023-05-06T03:34:40Z" duration-ms="3147" status="PASS">
          <params>
            <param index="0">
              <value>
                <![CDATA[public void Test.LoginTest.PostiveTestCase() throws com.codoid.products.exception.FilloException]]>
              </value>
            </param>
          </params>
          <reporter-output>
          </reporter-output>
        </test-method> <!-- setup -->
        <test-method signature="PostiveTestCase()[pri:0, instance:Test.LoginTest@3f57bcad]" started-at="2023-05-06T03:34:40Z" name="PostiveTestCase" finished-at="2023-05-06T03:34:41Z" duration-ms="731" status="PASS">
          <reporter-output>
          </reporter-output>
        </test-method> <!-- PostiveTestCase -->
        <test-method is-config="true" signature="closeall()[pri:0, instance:Test.LoginTest@3f57bcad]" started-at="2023-05-06T03:34:41Z" name="closeall" finished-at="2023-05-06T03:34:41Z" duration-ms="376" status="PASS">
          <reporter-output>
          </reporter-output>
        </test-method> <!-- closeall -->
      </class> <!-- Test.LoginTest -->
    </test> <!-- Test -->
  </suite> <!-- Suite -->
</testng-results>
