<?xml version="1.0" encoding="UTF-8"?>
<testng-results ignored="0" total="1" passed="1" failed="0" skipped="0">
  <reporter-output>
  </reporter-output>
  <suite started-at="2023-05-06T06:34:05Z" name="Default suite" finished-at="2023-05-06T06:34:09Z" duration-ms="3535">
    <groups>
    </groups>
    <test started-at="2023-05-06T06:34:05Z" name="Default test" finished-at="2023-05-06T06:34:09Z" duration-ms="3535">
      <class name="Test.GridExample">
        <test-method signature="testgrid()[pri:0, instance:Test.GridExample@436c81a3]" started-at="2023-05-06T06:34:05Z" name="testgrid" finished-at="2023-05-06T06:34:09Z" duration-ms="3479" status="PASS">
          <reporter-output>
          </reporter-output>
        </test-method> <!-- testgrid -->
      </class> <!-- Test.GridExample -->
    </test> <!-- Default test -->
  </suite> <!-- Default suite -->
</testng-results>
