<?xml version="1.0" encoding="UTF-8"?>
<testng-results ignored="1" total="2" passed="1" failed="0" skipped="0">
  <reporter-output>
  </reporter-output>
  <suite started-at="2023-05-06T03:22:42Z" name="Default suite" finished-at="2023-05-06T03:22:55Z" duration-ms="12261">
    <groups>
    </groups>
    <test started-at="2023-05-06T03:22:42Z" name="Default test" finished-at="2023-05-06T03:22:55Z" duration-ms="12261">
      <class name="Test.LoginTest">
        <test-method is-config="true" signature="Reportsetup()[pri:0, instance:Test.LoginTest@37e4d7bb]" started-at="2023-05-06T03:22:42Z" name="Reportsetup" finished-at="2023-05-06T03:22:44Z" duration-ms="1598" status="PASS">
          <reporter-output>
          </reporter-output>
        </test-method> <!-- Reportsetup -->
        <test-method is-config="true" signature="setup(java.lang.reflect.Method)[pri:0, instance:Test.LoginTest@37e4d7bb]" started-at="2023-05-06T03:22:44Z" name="setup" finished-at="2023-05-06T03:22:52Z" duration-ms="7712" status="PASS">
          <params>
            <param index="0">
              <value>
                <![CDATA[public void Test.LoginTest.PostiveTestCase() throws com.codoid.products.exception.FilloException]]>
              </value>
            </param>
          </params>
          <reporter-output>
          </reporter-output>
        </test-method> <!-- setup -->
        <test-method signature="PostiveTestCase()[pri:0, instance:Test.LoginTest@37e4d7bb]" started-at="2023-05-06T03:22:52Z" name="PostiveTestCase" finished-at="2023-05-06T03:22:54Z" duration-ms="1990" status="PASS">
          <reporter-output>
          </reporter-output>
        </test-method> <!-- PostiveTestCase -->
        <test-method is-config="true" signature="closeall()[pri:0, instance:Test.LoginTest@37e4d7bb]" started-at="2023-05-06T03:22:54Z" name="closeall" finished-at="2023-05-06T03:22:55Z" duration-ms="899" status="PASS">
          <reporter-output>
          </reporter-output>
        </test-method> <!-- closeall -->
      </class> <!-- Test.LoginTest -->
    </test> <!-- Default test -->
  </suite> <!-- Default suite -->
</testng-results>
